<?xml version="1.0" encoding="UTF-8"?>
<!-- Generated by org.testng.reporters.JUnitXMLReporter -->
<testsuite hostname="DESKTOP-KD72R9N" ignored="1" name="Default test" tests="2" failures="0" timestamp="2021-09-22T17:27:48 IST" time="0.068" errors="0">
  <testcase name="test2" time="0.01" classname="TestNgPakage.Anotaion"/>
  <testcase name="test1" time="0.003" classname="TestNgPakage.Anotaion"/>
  <testcase name="test3" time="0.0" classname="TestNgPakage.Anotaion">
    <ignored/>
  </testcase> <!-- test3 -->
</testsuite> <!-- Default test -->
